<?xml version="1.0" encoding="UTF-8"?>
<testsuite name="hello.TestGreeter" tests="3" skipped="0" failures="0" errors="0" timestamp="2020-10-19T18:58:15" hostname="emad-Inspiron-5570" time="0.001">
  <properties/>
  <testcase name="newtestWMGreeterPass" classname="hello.TestGreeter" time="0.0"/>
  <testcase name="testGreeter" classname="hello.TestGreeter" time="0.001"/>
  <testcase name="testGreeterEmpty" classname="hello.TestGreeter" time="0.0"/>
  <system-out><![CDATA[]]></system-out>
  <system-err><![CDATA[]]></system-err>
</testsuite>
